<?xml version="1.0" encoding="UTF-8"?>
<!-- Generated by org.testng.reporters.JUnitXMLReporter -->
<testsuite hostname="LAPTOP-V56M9FQC" ignored="0" name="Test1" tests="1" failures="1" timestamp="22 Nov 2020 09:28:31 GMT" time="0.005" errors="0">
  <testcase name="testcases" time="0.001" classname="org.pages.WindowNavigation">
    <failure type="java.lang.NullPointerException">
      <![CDATA[java.lang.NullPointerException
at org.pages.WindowNavigation.testcases(WindowNavigation.java:16)
... Removed 25 stack frames]]>
    </failure>
  </testcase> <!-- testcases -->
</testsuite> <!-- Test1 -->
